<?xml version="1.0" encoding="UTF-8"?>
<!-- Generated by org.testng.reporters.JUnitXMLReporter -->
<testsuite ignored="0" hostname="DESKTOP-HSEV31H" failures="0" tests="1" name="Default test(failed)" time="4.695" errors="0" timestamp="2022-09-12T13:10:23 IST">
  <testcase classname="org.sdet40.GenericUtility.BaseClass" name="@BeforeMethod methodsetUp" time="0.022">
    <failure type="java.lang.NullPointerException" message="Cannot invoke &amp;quot;org.openqa.selenium.SearchContext.findElement(org.openqa.selenium.By)&amp;quot; because &amp;quot;this.searchContext&amp;quot; is null">
      <![CDATA[java.lang.NullPointerException: Cannot invoke "org.openqa.selenium.SearchContext.findElement(org.openqa.selenium.By)" because "this.searchContext" is null
at org.openqa.selenium.support.pagefactory.DefaultElementLocator.findElement(DefaultElementLocator.java:70)
at org.openqa.selenium.support.pagefactory.internal.LocatingElementHandler.invoke(LocatingElementHandler.java:39)
at jdk.proxy2/jdk.proxy2.$Proxy18.sendKeys(Unknown Source)
at org.hrm.ObjectRepository.LoginPage.loginAction(LoginPage.java:23)
at org.sdet40.GenericUtility.BaseClass.methodsetUp(BaseClass.java:72)
at java.base/java.util.ArrayList.forEach(ArrayList.java:1511)
... Removed 31 stack frames]]>
    </failure>
  </testcase> <!-- @BeforeMethod methodsetUp -->
  <testcase classname="org.sdet40.GenericUtility.BaseClass" name="@AfterMethod methodTearDown" time="-1.662968423514E9">
    <skipped/>
  </testcase> <!-- @AfterMethod methodTearDown -->
  <testcase classname="org.sdet40.GenericUtility.BaseClass" name="@AfterClass classTeardown" time="-1.662968423516E9">
    <skipped/>
  </testcase> <!-- @AfterClass classTeardown -->
  <testcase classname="org.hrm.HrHead.EditAdminTest" name="editAdminTest" time="0.0">
    <skipped/>
  </testcase> <!-- editAdminTest -->
</testsuite> <!-- Default test(failed) -->
